0 info it worked if it ends with ok
1 verbose cli [ '/usr/bin/nodejs', '/usr/bin/npm', 'run', 'build' ]
2 info using npm@3.5.2
3 info using node@v4.7.2
4 verbose run-script [ 'prebuild', 'build', 'postbuild' ]
5 info lifecycle write_off@1.0.0~prebuild: write_off@1.0.0
6 silly lifecycle write_off@1.0.0~prebuild: no script for prebuild, continuing
7 info lifecycle write_off@1.0.0~build: write_off@1.0.0
8 verbose lifecycle write_off@1.0.0~build: unsafe-perm in lifecycle true
9 verbose lifecycle write_off@1.0.0~build: PATH: /usr/share/npm/bin/node-gyp-bin:/home/acrius/dev/write_off/frontend/node_modules/.bin:/home/acrius/bin:/home/acrius/.local/bin::/home/acrius/bin:/home/acrius/.local/bin:/home/acrius/bin:/home/acrius/.local/bin:/usr/local/sbin:/usr/local/bin:/usr/sbin:/usr/bin:/sbin:/bin:/usr/games:/usr/local/games:/snap/bin:/usr/lib/jvm/java-8-oracle/bin:/usr/lib/jvm/java-8-oracle/db/bin:/usr/lib/jvm/java-8-oracle/jre/bin:/snap/bin:/usr/lib/jvm/java-8-oracle/bin:/usr/lib/jvm/java-8-oracle/db/bin:/usr/lib/jvm/java-8-oracle/jre/bin:/home/acrius/Android/Sdk/platform-tools:/home/acrius/Android/Sdk/tools:/snap/bin:/usr/lib/jvm/java-8-oracle/bin:/usr/lib/jvm/java-8-oracle/db/bin:/usr/lib/jvm/java-8-oracle/jre/bin:/home/acrius/Android/Sdk/platform-tools:/home/acrius/Android/Sdk/tools
10 verbose lifecycle write_off@1.0.0~build: CWD: /home/acrius/dev/write_off/frontend
11 silly lifecycle write_off@1.0.0~build: Args: [ '-c', 'webpack --progress --optimize-minimize' ]
12 info lifecycle write_off@1.0.0~build: Failed to exec build script
13 verbose stack Error: write_off@1.0.0 build: `webpack --progress --optimize-minimize`
13 verbose stack spawn ENOENT
13 verbose stack     at ChildProcess.<anonymous> (/usr/share/npm/lib/utils/spawn.js:17:16)
13 verbose stack     at emitTwo (events.js:87:13)
13 verbose stack     at ChildProcess.emit (events.js:172:7)
13 verbose stack     at maybeClose (internal/child_process.js:854:16)
13 verbose stack     at Process.ChildProcess._handle.onexit (internal/child_process.js:222:5)
14 verbose pkgid write_off@1.0.0
15 verbose cwd /home/acrius/dev/write_off/frontend
16 error Linux 4.10.0-22-generic
17 error argv "/usr/bin/nodejs" "/usr/bin/npm" "run" "build"
18 error node v4.7.2
19 error npm  v3.5.2
20 error file sh
21 error code ELIFECYCLE
22 error errno ENOENT
23 error syscall spawn
24 error write_off@1.0.0 build: `webpack --progress --optimize-minimize`
24 error spawn ENOENT
25 error Failed at the write_off@1.0.0 build script 'webpack --progress --optimize-minimize'.
25 error Make sure you have the latest version of node.js and npm installed.
25 error If you do, this is most likely a problem with the write_off package,
25 error not with npm itself.
25 error Tell the author that this fails on your system:
25 error     webpack --progress --optimize-minimize
25 error You can get information on how to open an issue for this project with:
25 error     npm bugs write_off
25 error Or if that isn't available, you can get their info via:
25 error     npm owner ls write_off
25 error There is likely additional logging output above.
26 verbose exit [ 1, true ]
